<?xml version="1.0" encoding="UTF-8"?>
<testsuite name="Group.Activity.AppTest" tests="1" skipped="0" failures="0" errors="0" timestamp="2023-04-09T00:17:32" hostname="DESKTOP-ISSPGVP" time="0.015">
  <properties/>
  <testcase name="even_Checker" classname="Group.Activity.AppTest" time="0.015"/>
  <system-out><![CDATA[]]></system-out>
  <system-err><![CDATA[]]></system-err>
</testsuite>
